Library/Bee/Android/Prj/IL2CPP/Gradle/launcher/build/intermediates/manifest_merge_blame_file/release/manifest-merger-blame-release-report.txt
1<?xml version="1.0" encoding="utf-8"?>
2<manifest xmlns:android="http://schemas.android.com/apk/res/android"
3    package="com.IFAgame.FallingBall"
4    android:installLocation="preferExternal"
5    android:versionCode="7"
6    android:versionName="0.7" >
7
8    <uses-sdk
9        android:minSdkVersion="22"
9-->src\main\AndroidManifest.xml
10        android:targetSdkVersion="33" />
10-->src\main\AndroidManifest.xml
11
12    <supports-screens
12-->src\main\AndroidManifest.xml:4:3-163
13        android:anyDensity="true"
13-->src\main\AndroidManifest.xml:4:135-160
14        android:largeScreens="true"
14-->src\main\AndroidManifest.xml:4:78-105
15        android:normalScreens="true"
15-->src\main\AndroidManifest.xml:4:49-77
16        android:smallScreens="true"
16-->src\main\AndroidManifest.xml:4:21-48
17        android:xlargeScreens="true" />
17-->src\main\AndroidManifest.xml:4:106-134
18
19    <uses-permission android:name="android.permission.INTERNET" />
19-->[:unityLibrary] AndroidManifest.xml:10:5-67
19-->[:unityLibrary] AndroidManifest.xml:10:22-64
20
21    <uses-feature android:glEsVersion="0x00030000" />
21-->[:unityLibrary] AndroidManifest.xml:12:5-54
21-->[:unityLibrary] AndroidManifest.xml:12:19-51
22    <uses-feature
22-->[:unityLibrary] AndroidManifest.xml:13:5-15:36
23        android:name="android.hardware.vulkan.version"
23-->[:unityLibrary] AndroidManifest.xml:14:9-55
24        android:required="false" />
24-->[:unityLibrary] AndroidManifest.xml:15:9-33
25    <uses-feature
25-->[:unityLibrary] AndroidManifest.xml:16:5-18:36
26        android:name="android.hardware.touchscreen"
26-->[:unityLibrary] AndroidManifest.xml:17:9-52
27        android:required="false" />
27-->[:unityLibrary] AndroidManifest.xml:18:9-33
28    <uses-feature
28-->[:unityLibrary] AndroidManifest.xml:19:5-21:36
29        android:name="android.hardware.touchscreen.multitouch"
29-->[:unityLibrary] AndroidManifest.xml:20:9-63
30        android:required="false" />
30-->[:unityLibrary] AndroidManifest.xml:21:9-33
31    <uses-feature
31-->[:unityLibrary] AndroidManifest.xml:22:5-24:36
32        android:name="android.hardware.touchscreen.multitouch.distinct"
32-->[:unityLibrary] AndroidManifest.xml:23:9-72
33        android:required="false" />
33-->[:unityLibrary] AndroidManifest.xml:24:9-33
34
35    <uses-permission android:name="android.permission.ACCESS_NETWORK_STATE" />
35-->[:com.google.android.gms.play-services-nearby-18.0.2:] AndroidManifest.xml:7:5-79
35-->[:com.google.android.gms.play-services-nearby-18.0.2:] AndroidManifest.xml:7:22-76
36    <uses-permission android:name="com.google.android.gms.permission.AD_ID" /> <!-- Required for Nearby Connections -->
36-->[:UnityAds:] AndroidManifest.xml:11:5-79
36-->[:UnityAds:] AndroidManifest.xml:11:22-76
37    <uses-permission android:name="android.permission.BLUETOOTH" />
37-->[:unityLibrary:GooglePlayGamesManifest.androidlib] AndroidManifest.xml:16:5-68
37-->[:unityLibrary:GooglePlayGamesManifest.androidlib] AndroidManifest.xml:16:22-65
38    <uses-permission android:name="android.permission.BLUETOOTH_ADMIN" />
38-->[:unityLibrary:GooglePlayGamesManifest.androidlib] AndroidManifest.xml:17:5-74
38-->[:unityLibrary:GooglePlayGamesManifest.androidlib] AndroidManifest.xml:17:22-71
39    <uses-permission android:name="android.permission.ACCESS_WIFI_STATE" />
39-->[:unityLibrary:GooglePlayGamesManifest.androidlib] AndroidManifest.xml:18:5-76
39-->[:unityLibrary:GooglePlayGamesManifest.androidlib] AndroidManifest.xml:18:22-73
40    <uses-permission android:name="android.permission.CHANGE_WIFI_STATE" />
40-->[:unityLibrary:GooglePlayGamesManifest.androidlib] AndroidManifest.xml:19:5-76
40-->[:unityLibrary:GooglePlayGamesManifest.androidlib] AndroidManifest.xml:19:22-73
41    <uses-permission android:name="android.permission.ACCESS_COARSE_LOCATION" />
41-->[:unityLibrary:GooglePlayGamesManifest.androidlib] AndroidManifest.xml:20:5-81
41-->[:unityLibrary:GooglePlayGamesManifest.androidlib] AndroidManifest.xml:20:22-78
42
43    <application
43-->src\main\AndroidManifest.xml:3:3-126
44        android:appComponentFactory="androidx.core.app.CoreComponentFactory"
44-->[:androidx.core.core-1.2.0:] AndroidManifest.xml:24:18-86
45        android:extractNativeLibs="true"
45-->[:unityLibrary] AndroidManifest.xml:26:18-50
46        android:icon="@mipmap/app_icon"
46-->src\main\AndroidManifest.xml:3:49-80
47        android:label="@string/app_name"
47-->src\main\AndroidManifest.xml:3:16-48
48        android:roundIcon="@mipmap/app_icon_round" >
48-->src\main\AndroidManifest.xml:3:81-123
49        <meta-data
49-->[:unityLibrary] AndroidManifest.xml:27:9-29:33
50            android:name="unity.splash-mode"
50-->[:unityLibrary] AndroidManifest.xml:28:13-45
51            android:value="0" />
51-->[:unityLibrary] AndroidManifest.xml:29:13-30
52        <meta-data
52-->[:unityLibrary] AndroidManifest.xml:30:9-32:36
53            android:name="unity.splash-enable"
53-->[:unityLibrary] AndroidManifest.xml:31:13-47
54            android:value="True" />
54-->[:unityLibrary] AndroidManifest.xml:32:13-33
55        <meta-data
55-->[:unityLibrary] AndroidManifest.xml:33:9-35:36
56            android:name="unity.launch-fullscreen"
56-->[:unityLibrary] AndroidManifest.xml:34:13-51
57            android:value="True" />
57-->[:unityLibrary] AndroidManifest.xml:35:13-33
58        <meta-data
58-->[:unityLibrary] AndroidManifest.xml:36:9-38:37
59            android:name="unity.allow-resizable-window"
59-->[:unityLibrary] AndroidManifest.xml:37:13-56
60            android:value="False" />
60-->[:unityLibrary] AndroidManifest.xml:38:13-34
61        <meta-data
61-->[:unityLibrary] AndroidManifest.xml:39:9-41:50
62            android:name="notch.config"
62-->[:unityLibrary] AndroidManifest.xml:40:13-40
63            android:value="portrait|landscape" />
63-->[:unityLibrary] AndroidManifest.xml:41:13-47
64        <meta-data
64-->[:unityLibrary] AndroidManifest.xml:42:9-44:36
65            android:name="unity.auto-report-fully-drawn"
65-->[:unityLibrary] AndroidManifest.xml:43:13-57
66            android:value="true" />
66-->[:unityLibrary] AndroidManifest.xml:44:13-33
67
68        <activity
68-->[:unityLibrary] AndroidManifest.xml:46:9-78:20
69            android:name="com.unity3d.player.UnityPlayerActivity"
69-->[:unityLibrary] AndroidManifest.xml:47:13-66
70            android:configChanges="mcc|mnc|locale|touchscreen|keyboard|keyboardHidden|navigation|orientation|screenLayout|uiMode|screenSize|smallestScreenSize|fontScale|layoutDirection|density"
70-->[:unityLibrary] AndroidManifest.xml:48:13-194
71            android:exported="true"
71-->[:unityLibrary] AndroidManifest.xml:49:13-36
72            android:hardwareAccelerated="false"
72-->[:unityLibrary] AndroidManifest.xml:50:13-48
73            android:launchMode="singleTask"
73-->[:unityLibrary] AndroidManifest.xml:51:13-44
74            android:resizeableActivity="false"
74-->[:unityLibrary] AndroidManifest.xml:52:13-47
75            android:screenOrientation="portrait"
75-->[:unityLibrary] AndroidManifest.xml:53:13-49
76            android:theme="@style/UnityThemeSelector" >
76-->[:unityLibrary] AndroidManifest.xml:54:13-54
77            <intent-filter>
77-->[:unityLibrary] AndroidManifest.xml:55:13-59:29
78                <category android:name="android.intent.category.LAUNCHER" />
78-->[:unityLibrary] AndroidManifest.xml:56:17-77
78-->[:unityLibrary] AndroidManifest.xml:56:27-74
79
80                <action android:name="android.intent.action.MAIN" />
80-->[:unityLibrary] AndroidManifest.xml:58:17-69
80-->[:unityLibrary] AndroidManifest.xml:58:25-66
81            </intent-filter>
82
83            <meta-data
83-->[:unityLibrary] AndroidManifest.xml:61:13-63:40
84                android:name="unityplayer.UnityActivity"
84-->[:unityLibrary] AndroidManifest.xml:62:17-57
85                android:value="true" />
85-->[:unityLibrary] AndroidManifest.xml:63:17-37
86            <meta-data
86-->[:unityLibrary] AndroidManifest.xml:64:13-66:40
87                android:name="notch_support"
87-->[:unityLibrary] AndroidManifest.xml:65:17-45
88                android:value="true" />
88-->[:unityLibrary] AndroidManifest.xml:66:17-37
89
90            <intent-filter xmlns:android="http://schemas.android.com/apk/res/android" >
90-->[:unityLibrary] AndroidManifest.xml:68:13-77:29
90-->[:unityLibrary] AndroidManifest.xml:68:28-86
91                <action android:name="android.intent.action.VIEW" />
91-->[:unityLibrary] AndroidManifest.xml:69:17-69
91-->[:unityLibrary] AndroidManifest.xml:69:25-66
92
93                <category android:name="android.intent.category.DEFAULT" />
93-->[:unityLibrary] AndroidManifest.xml:71:17-76
93-->[:unityLibrary] AndroidManifest.xml:71:27-73
94                <category android:name="android.intent.category.BROWSABLE" />
94-->[:unityLibrary] AndroidManifest.xml:72:17-78
94-->[:unityLibrary] AndroidManifest.xml:72:27-75
95
96                <data
96-->[:unityLibrary] AndroidManifest.xml:74:17-76:48
97                    android:host="com.unityplayeraccounts.f54b0660-6473-4ed0-85fa-c62b55b90204"
97-->[:unityLibrary] AndroidManifest.xml:75:21-96
98                    android:scheme="unitydl" />
98-->[:unityLibrary] AndroidManifest.xml:76:21-45
99            </intent-filter>
100        </activity>
101
102        <meta-data
102-->[:com.google.android.gms.play-services-basement-18.0.0:] AndroidManifest.xml:21:9-23:69
103            android:name="com.google.android.gms.version"
103-->[:com.google.android.gms.play-services-basement-18.0.0:] AndroidManifest.xml:22:13-58
104            android:value="@integer/google_play_services_version" />
104-->[:com.google.android.gms.play-services-basement-18.0.0:] AndroidManifest.xml:23:13-66
105
106        <activity
106-->[:com.google.android.gms.play-services-base-18.0.1:] AndroidManifest.xml:20:9-22:45
107            android:name="com.google.android.gms.common.api.GoogleApiActivity"
107-->[:com.google.android.gms.play-services-base-18.0.1:] AndroidManifest.xml:20:19-85
108            android:exported="false"
108-->[:com.google.android.gms.play-services-base-18.0.1:] AndroidManifest.xml:22:19-43
109            android:theme="@android:style/Theme.Translucent.NoTitleBar" />
109-->[:com.google.android.gms.play-services-base-18.0.1:] AndroidManifest.xml:21:19-78
110        <activity
110-->[:UnityAds:] AndroidManifest.xml:14:9-18:74
111            android:name="com.unity3d.services.ads.adunit.AdUnitActivity"
111-->[:UnityAds:] AndroidManifest.xml:15:13-74
112            android:configChanges="fontScale|keyboard|keyboardHidden|locale|mnc|mcc|navigation|orientation|screenLayout|screenSize|smallestScreenSize|uiMode|touchscreen"
112-->[:UnityAds:] AndroidManifest.xml:16:13-170
113            android:hardwareAccelerated="true"
113-->[:UnityAds:] AndroidManifest.xml:17:13-47
114            android:theme="@android:style/Theme.NoTitleBar.Fullscreen" />
114-->[:UnityAds:] AndroidManifest.xml:18:13-71
115        <activity
115-->[:UnityAds:] AndroidManifest.xml:19:9-23:86
116            android:name="com.unity3d.services.ads.adunit.AdUnitTransparentActivity"
116-->[:UnityAds:] AndroidManifest.xml:20:13-85
117            android:configChanges="fontScale|keyboard|keyboardHidden|locale|mnc|mcc|navigation|orientation|screenLayout|screenSize|smallestScreenSize|uiMode|touchscreen"
117-->[:UnityAds:] AndroidManifest.xml:21:13-170
118            android:hardwareAccelerated="true"
118-->[:UnityAds:] AndroidManifest.xml:22:13-47
119            android:theme="@android:style/Theme.Translucent.NoTitleBar.Fullscreen" />
119-->[:UnityAds:] AndroidManifest.xml:23:13-83
120        <activity
120-->[:UnityAds:] AndroidManifest.xml:24:9-28:86
121            android:name="com.unity3d.services.ads.adunit.AdUnitTransparentSoftwareActivity"
121-->[:UnityAds:] AndroidManifest.xml:25:13-93
122            android:configChanges="fontScale|keyboard|keyboardHidden|locale|mnc|mcc|navigation|orientation|screenLayout|screenSize|smallestScreenSize|uiMode|touchscreen"
122-->[:UnityAds:] AndroidManifest.xml:26:13-170
123            android:hardwareAccelerated="false"
123-->[:UnityAds:] AndroidManifest.xml:27:13-48
124            android:theme="@android:style/Theme.Translucent.NoTitleBar.Fullscreen" />
124-->[:UnityAds:] AndroidManifest.xml:28:13-83
125        <activity
125-->[:UnityAds:] AndroidManifest.xml:29:9-33:74
126            android:name="com.unity3d.services.ads.adunit.AdUnitSoftwareActivity"
126-->[:UnityAds:] AndroidManifest.xml:30:13-82
127            android:configChanges="fontScale|keyboard|keyboardHidden|locale|mnc|mcc|navigation|orientation|screenLayout|screenSize|smallestScreenSize|uiMode|touchscreen"
127-->[:UnityAds:] AndroidManifest.xml:31:13-170
128            android:hardwareAccelerated="false"
128-->[:UnityAds:] AndroidManifest.xml:32:13-48
129            android:theme="@android:style/Theme.NoTitleBar.Fullscreen" />
129-->[:UnityAds:] AndroidManifest.xml:33:13-71
130
131        <provider
131-->[:com.google.android.gms.play-services-games-v2-17.0.0:] AndroidManifest.xml:5:5-208
132            android:name="com.google.android.gms.games.provider.PlayGamesInitProvider"
132-->[:com.google.android.gms.play-services-games-v2-17.0.0:] AndroidManifest.xml:5:15-89
133            android:authorities="com.IFAgame.FallingBall.playgamesinitprovider"
133-->[:com.google.android.gms.play-services-games-v2-17.0.0:] AndroidManifest.xml:5:90-157
134            android:exported="false"
134-->[:com.google.android.gms.play-services-games-v2-17.0.0:] AndroidManifest.xml:5:158-182
135            android:initOrder="99" />
135-->[:com.google.android.gms.play-services-games-v2-17.0.0:] AndroidManifest.xml:5:183-205
136
137        <activity
137-->[:com.google.android.gms.play-services-games-v2-17.0.0:] AndroidManifest.xml:6:5-180
138            android:name="com.google.android.gms.games.internal.v2.resolution.GamesResolutionActivity"
138-->[:com.google.android.gms.play-services-games-v2-17.0.0:] AndroidManifest.xml:6:15-105
139            android:exported="false"
139-->[:com.google.android.gms.play-services-games-v2-17.0.0:] AndroidManifest.xml:6:106-130
140            android:theme="@style/Theme.Games.Transparent" />
140-->[:com.google.android.gms.play-services-games-v2-17.0.0:] AndroidManifest.xml:6:131-177
141
142        <meta-data
142-->[:com.google.android.gms.play-services-games-v2-17.0.0:] AndroidManifest.xml:7:5-117
143            android:name="com.google.android.gms.games.version"
143-->[:com.google.android.gms.play-services-games-v2-17.0.0:] AndroidManifest.xml:7:16-67
144            android:value="@string/play_games_sdk_version" />
144-->[:com.google.android.gms.play-services-games-v2-17.0.0:] AndroidManifest.xml:7:68-114
145
146        <activity
146-->[:com.google.games.gpgs-plugin-support-0.11.01:] AndroidManifest.xml:10:9-18:20
147            android:name="com.google.games.bridge.GenericResolutionActivity"
147-->[:com.google.games.gpgs-plugin-support-0.11.01:] AndroidManifest.xml:11:13-77
148            android:exported="false"
148-->[:com.google.games.gpgs-plugin-support-0.11.01:] AndroidManifest.xml:12:13-37
149            android:label="GenericResolutionActivity"
149-->[:com.google.games.gpgs-plugin-support-0.11.01:] AndroidManifest.xml:13:13-54
150            android:theme="@android:style/Theme.Translucent.NoTitleBar.Fullscreen" >
150-->[:com.google.games.gpgs-plugin-support-0.11.01:] AndroidManifest.xml:14:13-83
151            <meta-data
151-->[:com.google.games.gpgs-plugin-support-0.11.01:] AndroidManifest.xml:15:13-17:40
152                android:name="instantapps.clients.allowed"
152-->[:com.google.games.gpgs-plugin-support-0.11.01:] AndroidManifest.xml:16:17-59
153                android:value="true" />
153-->[:com.google.games.gpgs-plugin-support-0.11.01:] AndroidManifest.xml:17:17-37
154        </activity> <!-- Required for Nearby Connections API -->
155        <meta-data
155-->[:unityLibrary:GooglePlayGamesManifest.androidlib] AndroidManifest.xml:25:9-27:55
156            android:name="com.google.android.gms.nearby.connection.SERVICE_ID"
156-->[:unityLibrary:GooglePlayGamesManifest.androidlib] AndroidManifest.xml:26:13-79
157            android:value="com.IFAgame.FallingBall" /> <!-- The space in these forces it to be interpreted as a string vs. int -->
157-->[:unityLibrary:GooglePlayGamesManifest.androidlib] AndroidManifest.xml:27:13-52
158        <meta-data
158-->[:unityLibrary:GooglePlayGamesManifest.androidlib] AndroidManifest.xml:30:9-32:49
159            android:name="com.google.android.gms.games.APP_ID"
159-->[:unityLibrary:GooglePlayGamesManifest.androidlib] AndroidManifest.xml:31:13-63
160            android:value="\u003511280868121" /> <!-- Keep track of which plugin is being used -->
160-->[:unityLibrary:GooglePlayGamesManifest.androidlib] AndroidManifest.xml:32:13-46
161        <meta-data
161-->[:unityLibrary:GooglePlayGamesManifest.androidlib] AndroidManifest.xml:35:9-37:44
162            android:name="com.google.android.gms.games.unityVersion"
162-->[:unityLibrary:GooglePlayGamesManifest.androidlib] AndroidManifest.xml:36:13-69
163            android:value="\u0030.11.01" />
163-->[:unityLibrary:GooglePlayGamesManifest.androidlib] AndroidManifest.xml:37:13-41
164
165        <activity
165-->[:unityLibrary:GooglePlayGamesManifest.androidlib] AndroidManifest.xml:39:9-41:86
166            android:name="com.google.games.bridge.NativeBridgeActivity"
166-->[:unityLibrary:GooglePlayGamesManifest.androidlib] AndroidManifest.xml:40:13-72
167            android:theme="@android:style/Theme.Translucent.NoTitleBar.Fullscreen" />
167-->[:unityLibrary:GooglePlayGamesManifest.androidlib] AndroidManifest.xml:41:13-83
168    </application>
169
170</manifest>